<?xml version="1.0" encoding="UTF-8"?>
<testsuite xmlns:xsi="http://www.w3.org/2001/XMLSchema-instance" xsi:noNamespaceSchemaLocation="https://maven.apache.org/surefire/maven-surefire-plugin/xsd/surefire-test-report-3.0.xsd" version="3.0" name="com.broadridge.runners.CukesRunner" time="57.733" tests="2" errors="0" skipped="0" failures="2">
  <properties>
    <property name="java.specification.version" value="20"/>
    <property name="sun.jnu.encoding" value="UTF-8"/>
    <property name="java.class.path" value="/home/runner/work/broadridgeTestAutomation/broadridgeTestAutomation/target/test-classes:/home/runner/work/broadridgeTestAutomation/broadridgeTestAutomation/target/classes:/home/runner/.m2/repository/org/seleniumhq/selenium/selenium-java/4.32.0/selenium-java-4.32.0.jar:/home/runner/.m2/repository/org/seleniumhq/selenium/selenium-api/4.32.0/selenium-api-4.32.0.jar:/home/runner/.m2/repository/org/jspecify/jspecify/1.0.0/jspecify-1.0.0.jar:/home/runner/.m2/repository/org/seleniumhq/selenium/selenium-chrome-driver/4.32.0/selenium-chrome-driver-4.32.0.jar:/home/runner/.m2/repository/org/seleniumhq/selenium/selenium-chromium-driver/4.32.0/selenium-chromium-driver-4.32.0.jar:/home/runner/.m2/repository/org/seleniumhq/selenium/selenium-manager/4.32.0/selenium-manager-4.32.0.jar:/home/runner/.m2/repository/org/seleniumhq/selenium/selenium-devtools-v135/4.32.0/selenium-devtools-v135-4.32.0.jar:/home/runner/.m2/repository/org/seleniumhq/selenium/selenium-devtools-v136/4.32.0/selenium-devtools-v136-4.32.0.jar:/home/runner/.m2/repository/org/seleniumhq/selenium/selenium-edge-driver/4.32.0/selenium-edge-driver-4.32.0.jar:/home/runner/.m2/repository/org/seleniumhq/selenium/selenium-firefox-driver/4.32.0/selenium-firefox-driver-4.32.0.jar:/home/runner/.m2/repository/org/seleniumhq/selenium/selenium-http/4.32.0/selenium-http-4.32.0.jar:/home/runner/.m2/repository/org/seleniumhq/selenium/selenium-ie-driver/4.32.0/selenium-ie-driver-4.32.0.jar:/home/runner/.m2/repository/org/seleniumhq/selenium/selenium-remote-driver/4.32.0/selenium-remote-driver-4.32.0.jar:/home/runner/.m2/repository/com/google/guava/guava/33.4.8-jre/guava-33.4.8-jre.jar:/home/runner/.m2/repository/com/google/guava/failureaccess/1.0.3/failureaccess-1.0.3.jar:/home/runner/.m2/repository/com/google/guava/listenablefuture/9999.0-empty-to-avoid-conflict-with-guava/listenablefuture-9999.0-empty-to-avoid-conflict-with-guava.jar:/home/runner/.m2/repository/com/google/errorprone/error_prone_annotations/2.36.0/error_prone_annotations-2.36.0.jar:/home/runner/.m2/repository/com/google/j2objc/j2objc-annotations/3.0.0/j2objc-annotations-3.0.0.jar:/home/runner/.m2/repository/io/opentelemetry/opentelemetry-api/1.49.0/opentelemetry-api-1.49.0.jar:/home/runner/.m2/repository/io/opentelemetry/opentelemetry-context/1.49.0/opentelemetry-context-1.49.0.jar:/home/runner/.m2/repository/io/opentelemetry/opentelemetry-exporter-logging/1.49.0/opentelemetry-exporter-logging-1.49.0.jar:/home/runner/.m2/repository/io/opentelemetry/opentelemetry-sdk-common/1.49.0/opentelemetry-sdk-common-1.49.0.jar:/home/runner/.m2/repository/io/opentelemetry/opentelemetry-sdk-extension-autoconfigure-spi/1.49.0/opentelemetry-sdk-extension-autoconfigure-spi-1.49.0.jar:/home/runner/.m2/repository/io/opentelemetry/opentelemetry-sdk-extension-autoconfigure/1.49.0/opentelemetry-sdk-extension-autoconfigure-1.49.0.jar:/home/runner/.m2/repository/io/opentelemetry/opentelemetry-sdk-trace/1.49.0/opentelemetry-sdk-trace-1.49.0.jar:/home/runner/.m2/repository/io/opentelemetry/opentelemetry-sdk/1.49.0/opentelemetry-sdk-1.49.0.jar:/home/runner/.m2/repository/io/opentelemetry/opentelemetry-sdk-metrics/1.49.0/opentelemetry-sdk-metrics-1.49.0.jar:/home/runner/.m2/repository/io/opentelemetry/opentelemetry-sdk-logs/1.49.0/opentelemetry-sdk-logs-1.49.0.jar:/home/runner/.m2/repository/org/seleniumhq/selenium/selenium-os/4.32.0/selenium-os-4.32.0.jar:/home/runner/.m2/repository/org/apache/commons/commons-exec/1.4.0/commons-exec-1.4.0.jar:/home/runner/.m2/repository/org/seleniumhq/selenium/selenium-safari-driver/4.32.0/selenium-safari-driver-4.32.0.jar:/home/runner/.m2/repository/org/seleniumhq/selenium/selenium-support/4.32.0/selenium-support-4.32.0.jar:/home/runner/.m2/repository/org/seleniumhq/selenium/selenium-devtools-v134/4.32.0/selenium-devtools-v134-4.32.0.jar:/home/runner/.m2/repository/com/google/auto/service/auto-service-annotations/1.1.1/auto-service-annotations-1.1.1.jar:/home/runner/.m2/repository/org/seleniumhq/selenium/selenium-json/4.32.0/selenium-json-4.32.0.jar:/home/runner/.m2/repository/io/github/bonigarcia/webdrivermanager/5.8.0/webdrivermanager-5.8.0.jar:/home/runner/.m2/repository/org/slf4j/slf4j-api/2.0.12/slf4j-api-2.0.12.jar:/home/runner/.m2/repository/com/google/code/gson/gson/2.10.1/gson-2.10.1.jar:/home/runner/.m2/repository/com/github/docker-java/docker-java/3.3.6/docker-java-3.3.6.jar:/home/runner/.m2/repository/com/github/docker-java/docker-java-core/3.3.6/docker-java-core-3.3.6.jar:/home/runner/.m2/repository/com/github/docker-java/docker-java-api/3.3.6/docker-java-api-3.3.6.jar:/home/runner/.m2/repository/org/bouncycastle/bcpkix-jdk18on/1.76/bcpkix-jdk18on-1.76.jar:/home/runner/.m2/repository/org/bouncycastle/bcprov-jdk18on/1.76/bcprov-jdk18on-1.76.jar:/home/runner/.m2/repository/org/bouncycastle/bcutil-jdk18on/1.76/bcutil-jdk18on-1.76.jar:/home/runner/.m2/repository/org/slf4j/jcl-over-slf4j/1.7.30/jcl-over-slf4j-1.7.30.jar:/home/runner/.m2/repository/com/github/docker-java/docker-java-transport-httpclient5/3.3.6/docker-java-transport-httpclient5-3.3.6.jar:/home/runner/.m2/repository/com/github/docker-java/docker-java-transport/3.3.6/docker-java-transport-3.3.6.jar:/home/runner/.m2/repository/net/java/dev/jna/jna/5.13.0/jna-5.13.0.jar:/home/runner/.m2/repository/org/brotli/dec/0.1.2/dec-0.1.2.jar:/home/runner/.m2/repository/org/apache/commons/commons-lang3/3.14.0/commons-lang3-3.14.0.jar:/home/runner/.m2/repository/org/apache/commons/commons-compress/1.26.1/commons-compress-1.26.1.jar:/home/runner/.m2/repository/commons-codec/commons-codec/1.16.1/commons-codec-1.16.1.jar:/home/runner/.m2/repository/commons-io/commons-io/2.15.1/commons-io-2.15.1.jar:/home/runner/.m2/repository/org/apache/httpcomponents/client5/httpclient5/5.2.1/httpclient5-5.2.1.jar:/home/runner/.m2/repository/org/apache/httpcomponents/core5/httpcore5/5.2/httpcore5-5.2.jar:/home/runner/.m2/repository/org/apache/httpcomponents/core5/httpcore5-h2/5.2/httpcore5-h2-5.2.jar:/home/runner/.m2/repository/io/cucumber/cucumber-java/7.2.0/cucumber-java-7.2.0.jar:/home/runner/.m2/repository/io/cucumber/cucumber-core/7.2.0/cucumber-core-7.2.0.jar:/home/runner/.m2/repository/io/cucumber/cucumber-gherkin/7.2.0/cucumber-gherkin-7.2.0.jar:/home/runner/.m2/repository/io/cucumber/cucumber-gherkin-messages/7.2.0/cucumber-gherkin-messages-7.2.0.jar:/home/runner/.m2/repository/io/cucumber/messages/17.1.1/messages-17.1.1.jar:/home/runner/.m2/repository/io/cucumber/tag-expressions/4.1.0/tag-expressions-4.1.0.jar:/home/runner/.m2/repository/io/cucumber/cucumber-expressions/13.0.1/cucumber-expressions-13.0.1.jar:/home/runner/.m2/repository/io/cucumber/datatable/7.2.0/datatable-7.2.0.jar:/home/runner/.m2/repository/io/cucumber/cucumber-plugin/7.2.0/cucumber-plugin-7.2.0.jar:/home/runner/.m2/repository/io/cucumber/docstring/7.2.0/docstring-7.2.0.jar:/home/runner/.m2/repository/io/cucumber/html-formatter/17.0.0/html-formatter-17.0.0.jar:/home/runner/.m2/repository/io/cucumber/ci-environment/8.1.0/ci-environment-8.1.0.jar:/home/runner/.m2/repository/org/apiguardian/apiguardian-api/1.1.2/apiguardian-api-1.1.2.jar:/home/runner/.m2/repository/io/cucumber/cucumber-junit/7.2.0/cucumber-junit-7.2.0.jar:/home/runner/.m2/repository/junit/junit/4.13.2/junit-4.13.2.jar:/home/runner/.m2/repository/org/hamcrest/hamcrest-core/1.3/hamcrest-core-1.3.jar:/home/runner/.m2/repository/me/jvt/cucumber/reporting-plugin/7.2.0/reporting-plugin-7.2.0.jar:/home/runner/.m2/repository/io/cucumber/gherkin/22.0.0/gherkin-22.0.0.jar:/home/runner/.m2/repository/net/masterthought/cucumber-reporting/5.6.1/cucumber-reporting-5.6.1.jar:/home/runner/.m2/repository/com/fasterxml/jackson/datatype/jackson-datatype-jsr310/2.12.1/jackson-datatype-jsr310-2.12.1.jar:/home/runner/.m2/repository/org/apache/velocity/velocity-engine-core/2.3/velocity-engine-core-2.3.jar:/home/runner/.m2/repository/commons-collections/commons-collections/3.2.2/commons-collections-3.2.2.jar:/home/runner/.m2/repository/joda-time/joda-time/2.10.10/joda-time-2.10.10.jar:/home/runner/.m2/repository/org/codehaus/plexus/plexus-utils/3.3.0/plexus-utils-3.3.0.jar:/home/runner/.m2/repository/org/jsoup/jsoup/1.14.2/jsoup-1.14.2.jar:/home/runner/.m2/repository/com/googlecode/owasp-java-html-sanitizer/owasp-java-html-sanitizer/20211018.2/owasp-java-html-sanitizer-20211018.2.jar:/home/runner/.m2/repository/commons-configuration/commons-configuration/1.10/commons-configuration-1.10.jar:/home/runner/.m2/repository/commons-lang/commons-lang/2.6/commons-lang-2.6.jar:/home/runner/.m2/repository/commons-logging/commons-logging/1.1.1/commons-logging-1.1.1.jar:/home/runner/.m2/repository/com/github/javafaker/javafaker/1.0.2/javafaker-1.0.2.jar:/home/runner/.m2/repository/org/yaml/snakeyaml/1.23/snakeyaml-1.23-android.jar:/home/runner/.m2/repository/com/github/mifmif/generex/1.0.2/generex-1.0.2.jar:/home/runner/.m2/repository/dk/brics/automaton/automaton/1.11-8/automaton-1.11-8.jar:/home/runner/.m2/repository/org/assertj/assertj-core/3.26.0/assertj-core-3.26.0.jar:/home/runner/.m2/repository/net/bytebuddy/byte-buddy/1.14.16/byte-buddy-1.14.16.jar:/home/runner/.m2/repository/com/fasterxml/jackson/core/jackson-databind/2.17.0/jackson-databind-2.17.0.jar:/home/runner/.m2/repository/com/fasterxml/jackson/core/jackson-annotations/2.17.0/jackson-annotations-2.17.0.jar:/home/runner/.m2/repository/com/fasterxml/jackson/core/jackson-core/2.17.0/jackson-core-2.17.0.jar:"/>
    <property name="java.vm.vendor" value="Eclipse Adoptium"/>
    <property name="sun.arch.data.model" value="64"/>
    <property name="java.vendor.url" value="https://adoptium.net/"/>
    <property name="os.name" value="Linux"/>
    <property name="java.vm.specification.version" value="20"/>
    <property name="sun.java.launcher" value="SUN_STANDARD"/>
    <property name="sun.boot.library.path" value="/opt/hostedtoolcache/Java_Temurin-Hotspot_jdk/20.0.2-9/x64/lib"/>
    <property name="sun.java.command" value="/home/runner/work/broadridgeTestAutomation/broadridgeTestAutomation/target/surefire/surefirebooter-20250916120502656_3.jar /home/runner/work/broadridgeTestAutomation/broadridgeTestAutomation/target/surefire 2025-09-16T12-05-02_558-jvmRun1 surefire-20250916120502656_1tmp surefire_0-20250916120502656_2tmp"/>
    <property name="jdk.debug" value="release"/>
    <property name="surefire.test.class.path" value="/home/runner/work/broadridgeTestAutomation/broadridgeTestAutomation/target/test-classes:/home/runner/work/broadridgeTestAutomation/broadridgeTestAutomation/target/classes:/home/runner/.m2/repository/org/seleniumhq/selenium/selenium-java/4.32.0/selenium-java-4.32.0.jar:/home/runner/.m2/repository/org/seleniumhq/selenium/selenium-api/4.32.0/selenium-api-4.32.0.jar:/home/runner/.m2/repository/org/jspecify/jspecify/1.0.0/jspecify-1.0.0.jar:/home/runner/.m2/repository/org/seleniumhq/selenium/selenium-chrome-driver/4.32.0/selenium-chrome-driver-4.32.0.jar:/home/runner/.m2/repository/org/seleniumhq/selenium/selenium-chromium-driver/4.32.0/selenium-chromium-driver-4.32.0.jar:/home/runner/.m2/repository/org/seleniumhq/selenium/selenium-manager/4.32.0/selenium-manager-4.32.0.jar:/home/runner/.m2/repository/org/seleniumhq/selenium/selenium-devtools-v135/4.32.0/selenium-devtools-v135-4.32.0.jar:/home/runner/.m2/repository/org/seleniumhq/selenium/selenium-devtools-v136/4.32.0/selenium-devtools-v136-4.32.0.jar:/home/runner/.m2/repository/org/seleniumhq/selenium/selenium-edge-driver/4.32.0/selenium-edge-driver-4.32.0.jar:/home/runner/.m2/repository/org/seleniumhq/selenium/selenium-firefox-driver/4.32.0/selenium-firefox-driver-4.32.0.jar:/home/runner/.m2/repository/org/seleniumhq/selenium/selenium-http/4.32.0/selenium-http-4.32.0.jar:/home/runner/.m2/repository/org/seleniumhq/selenium/selenium-ie-driver/4.32.0/selenium-ie-driver-4.32.0.jar:/home/runner/.m2/repository/org/seleniumhq/selenium/selenium-remote-driver/4.32.0/selenium-remote-driver-4.32.0.jar:/home/runner/.m2/repository/com/google/guava/guava/33.4.8-jre/guava-33.4.8-jre.jar:/home/runner/.m2/repository/com/google/guava/failureaccess/1.0.3/failureaccess-1.0.3.jar:/home/runner/.m2/repository/com/google/guava/listenablefuture/9999.0-empty-to-avoid-conflict-with-guava/listenablefuture-9999.0-empty-to-avoid-conflict-with-guava.jar:/home/runner/.m2/repository/com/google/errorprone/error_prone_annotations/2.36.0/error_prone_annotations-2.36.0.jar:/home/runner/.m2/repository/com/google/j2objc/j2objc-annotations/3.0.0/j2objc-annotations-3.0.0.jar:/home/runner/.m2/repository/io/opentelemetry/opentelemetry-api/1.49.0/opentelemetry-api-1.49.0.jar:/home/runner/.m2/repository/io/opentelemetry/opentelemetry-context/1.49.0/opentelemetry-context-1.49.0.jar:/home/runner/.m2/repository/io/opentelemetry/opentelemetry-exporter-logging/1.49.0/opentelemetry-exporter-logging-1.49.0.jar:/home/runner/.m2/repository/io/opentelemetry/opentelemetry-sdk-common/1.49.0/opentelemetry-sdk-common-1.49.0.jar:/home/runner/.m2/repository/io/opentelemetry/opentelemetry-sdk-extension-autoconfigure-spi/1.49.0/opentelemetry-sdk-extension-autoconfigure-spi-1.49.0.jar:/home/runner/.m2/repository/io/opentelemetry/opentelemetry-sdk-extension-autoconfigure/1.49.0/opentelemetry-sdk-extension-autoconfigure-1.49.0.jar:/home/runner/.m2/repository/io/opentelemetry/opentelemetry-sdk-trace/1.49.0/opentelemetry-sdk-trace-1.49.0.jar:/home/runner/.m2/repository/io/opentelemetry/opentelemetry-sdk/1.49.0/opentelemetry-sdk-1.49.0.jar:/home/runner/.m2/repository/io/opentelemetry/opentelemetry-sdk-metrics/1.49.0/opentelemetry-sdk-metrics-1.49.0.jar:/home/runner/.m2/repository/io/opentelemetry/opentelemetry-sdk-logs/1.49.0/opentelemetry-sdk-logs-1.49.0.jar:/home/runner/.m2/repository/org/seleniumhq/selenium/selenium-os/4.32.0/selenium-os-4.32.0.jar:/home/runner/.m2/repository/org/apache/commons/commons-exec/1.4.0/commons-exec-1.4.0.jar:/home/runner/.m2/repository/org/seleniumhq/selenium/selenium-safari-driver/4.32.0/selenium-safari-driver-4.32.0.jar:/home/runner/.m2/repository/org/seleniumhq/selenium/selenium-support/4.32.0/selenium-support-4.32.0.jar:/home/runner/.m2/repository/org/seleniumhq/selenium/selenium-devtools-v134/4.32.0/selenium-devtools-v134-4.32.0.jar:/home/runner/.m2/repository/com/google/auto/service/auto-service-annotations/1.1.1/auto-service-annotations-1.1.1.jar:/home/runner/.m2/repository/org/seleniumhq/selenium/selenium-json/4.32.0/selenium-json-4.32.0.jar:/home/runner/.m2/repository/io/github/bonigarcia/webdrivermanager/5.8.0/webdrivermanager-5.8.0.jar:/home/runner/.m2/repository/org/slf4j/slf4j-api/2.0.12/slf4j-api-2.0.12.jar:/home/runner/.m2/repository/com/google/code/gson/gson/2.10.1/gson-2.10.1.jar:/home/runner/.m2/repository/com/github/docker-java/docker-java/3.3.6/docker-java-3.3.6.jar:/home/runner/.m2/repository/com/github/docker-java/docker-java-core/3.3.6/docker-java-core-3.3.6.jar:/home/runner/.m2/repository/com/github/docker-java/docker-java-api/3.3.6/docker-java-api-3.3.6.jar:/home/runner/.m2/repository/org/bouncycastle/bcpkix-jdk18on/1.76/bcpkix-jdk18on-1.76.jar:/home/runner/.m2/repository/org/bouncycastle/bcprov-jdk18on/1.76/bcprov-jdk18on-1.76.jar:/home/runner/.m2/repository/org/bouncycastle/bcutil-jdk18on/1.76/bcutil-jdk18on-1.76.jar:/home/runner/.m2/repository/org/slf4j/jcl-over-slf4j/1.7.30/jcl-over-slf4j-1.7.30.jar:/home/runner/.m2/repository/com/github/docker-java/docker-java-transport-httpclient5/3.3.6/docker-java-transport-httpclient5-3.3.6.jar:/home/runner/.m2/repository/com/github/docker-java/docker-java-transport/3.3.6/docker-java-transport-3.3.6.jar:/home/runner/.m2/repository/net/java/dev/jna/jna/5.13.0/jna-5.13.0.jar:/home/runner/.m2/repository/org/brotli/dec/0.1.2/dec-0.1.2.jar:/home/runner/.m2/repository/org/apache/commons/commons-lang3/3.14.0/commons-lang3-3.14.0.jar:/home/runner/.m2/repository/org/apache/commons/commons-compress/1.26.1/commons-compress-1.26.1.jar:/home/runner/.m2/repository/commons-codec/commons-codec/1.16.1/commons-codec-1.16.1.jar:/home/runner/.m2/repository/commons-io/commons-io/2.15.1/commons-io-2.15.1.jar:/home/runner/.m2/repository/org/apache/httpcomponents/client5/httpclient5/5.2.1/httpclient5-5.2.1.jar:/home/runner/.m2/repository/org/apache/httpcomponents/core5/httpcore5/5.2/httpcore5-5.2.jar:/home/runner/.m2/repository/org/apache/httpcomponents/core5/httpcore5-h2/5.2/httpcore5-h2-5.2.jar:/home/runner/.m2/repository/io/cucumber/cucumber-java/7.2.0/cucumber-java-7.2.0.jar:/home/runner/.m2/repository/io/cucumber/cucumber-core/7.2.0/cucumber-core-7.2.0.jar:/home/runner/.m2/repository/io/cucumber/cucumber-gherkin/7.2.0/cucumber-gherkin-7.2.0.jar:/home/runner/.m2/repository/io/cucumber/cucumber-gherkin-messages/7.2.0/cucumber-gherkin-messages-7.2.0.jar:/home/runner/.m2/repository/io/cucumber/messages/17.1.1/messages-17.1.1.jar:/home/runner/.m2/repository/io/cucumber/tag-expressions/4.1.0/tag-expressions-4.1.0.jar:/home/runner/.m2/repository/io/cucumber/cucumber-expressions/13.0.1/cucumber-expressions-13.0.1.jar:/home/runner/.m2/repository/io/cucumber/datatable/7.2.0/datatable-7.2.0.jar:/home/runner/.m2/repository/io/cucumber/cucumber-plugin/7.2.0/cucumber-plugin-7.2.0.jar:/home/runner/.m2/repository/io/cucumber/docstring/7.2.0/docstring-7.2.0.jar:/home/runner/.m2/repository/io/cucumber/html-formatter/17.0.0/html-formatter-17.0.0.jar:/home/runner/.m2/repository/io/cucumber/ci-environment/8.1.0/ci-environment-8.1.0.jar:/home/runner/.m2/repository/org/apiguardian/apiguardian-api/1.1.2/apiguardian-api-1.1.2.jar:/home/runner/.m2/repository/io/cucumber/cucumber-junit/7.2.0/cucumber-junit-7.2.0.jar:/home/runner/.m2/repository/junit/junit/4.13.2/junit-4.13.2.jar:/home/runner/.m2/repository/org/hamcrest/hamcrest-core/1.3/hamcrest-core-1.3.jar:/home/runner/.m2/repository/me/jvt/cucumber/reporting-plugin/7.2.0/reporting-plugin-7.2.0.jar:/home/runner/.m2/repository/io/cucumber/gherkin/22.0.0/gherkin-22.0.0.jar:/home/runner/.m2/repository/net/masterthought/cucumber-reporting/5.6.1/cucumber-reporting-5.6.1.jar:/home/runner/.m2/repository/com/fasterxml/jackson/datatype/jackson-datatype-jsr310/2.12.1/jackson-datatype-jsr310-2.12.1.jar:/home/runner/.m2/repository/org/apache/velocity/velocity-engine-core/2.3/velocity-engine-core-2.3.jar:/home/runner/.m2/repository/commons-collections/commons-collections/3.2.2/commons-collections-3.2.2.jar:/home/runner/.m2/repository/joda-time/joda-time/2.10.10/joda-time-2.10.10.jar:/home/runner/.m2/repository/org/codehaus/plexus/plexus-utils/3.3.0/plexus-utils-3.3.0.jar:/home/runner/.m2/repository/org/jsoup/jsoup/1.14.2/jsoup-1.14.2.jar:/home/runner/.m2/repository/com/googlecode/owasp-java-html-sanitizer/owasp-java-html-sanitizer/20211018.2/owasp-java-html-sanitizer-20211018.2.jar:/home/runner/.m2/repository/commons-configuration/commons-configuration/1.10/commons-configuration-1.10.jar:/home/runner/.m2/repository/commons-lang/commons-lang/2.6/commons-lang-2.6.jar:/home/runner/.m2/repository/commons-logging/commons-logging/1.1.1/commons-logging-1.1.1.jar:/home/runner/.m2/repository/com/github/javafaker/javafaker/1.0.2/javafaker-1.0.2.jar:/home/runner/.m2/repository/org/yaml/snakeyaml/1.23/snakeyaml-1.23-android.jar:/home/runner/.m2/repository/com/github/mifmif/generex/1.0.2/generex-1.0.2.jar:/home/runner/.m2/repository/dk/brics/automaton/automaton/1.11-8/automaton-1.11-8.jar:/home/runner/.m2/repository/org/assertj/assertj-core/3.26.0/assertj-core-3.26.0.jar:/home/runner/.m2/repository/net/bytebuddy/byte-buddy/1.14.16/byte-buddy-1.14.16.jar:/home/runner/.m2/repository/com/fasterxml/jackson/core/jackson-databind/2.17.0/jackson-databind-2.17.0.jar:/home/runner/.m2/repository/com/fasterxml/jackson/core/jackson-annotations/2.17.0/jackson-annotations-2.17.0.jar:/home/runner/.m2/repository/com/fasterxml/jackson/core/jackson-core/2.17.0/jackson-core-2.17.0.jar:"/>
    <property name="sun.cpu.endian" value="little"/>
    <property name="user.home" value="/home/runner"/>
    <property name="user.language" value="en"/>
    <property name="java.specification.vendor" value="Oracle Corporation"/>
    <property name="java.version.date" value="2023-07-18"/>
    <property name="java.home" value="/opt/hostedtoolcache/Java_Temurin-Hotspot_jdk/20.0.2-9/x64"/>
    <property name="file.separator" value="/"/>
    <property name="basedir" value="/home/runner/work/broadridgeTestAutomation/broadridgeTestAutomation"/>
    <property name="java.vm.compressedOopsMode" value="Zero based"/>
    <property name="line.separator" value="&#10;"/>
    <property name="java.specification.name" value="Java Platform API Specification"/>
    <property name="java.vm.specification.vendor" value="Oracle Corporation"/>
    <property name="surefire.real.class.path" value="/home/runner/work/broadridgeTestAutomation/broadridgeTestAutomation/target/surefire/surefirebooter-20250916120502656_3.jar"/>
    <property name="sun.management.compiler" value="HotSpot 64-Bit Tiered Compilers"/>
    <property name="java.runtime.version" value="20.0.2+9"/>
    <property name="user.name" value="runner"/>
    <property name="stdout.encoding" value="UTF-8"/>
    <property name="path.separator" value=":"/>
    <property name="os.version" value="6.11.0-1018-azure"/>
    <property name="java.runtime.name" value="OpenJDK Runtime Environment"/>
    <property name="file.encoding" value="UTF-8"/>
    <property name="java.vm.name" value="OpenJDK 64-Bit Server VM"/>
    <property name="java.vendor.version" value="Temurin-20.0.2+9"/>
    <property name="localRepository" value="/home/runner/.m2/repository"/>
    <property name="java.vendor.url.bug" value="https://github.com/adoptium/adoptium-support/issues"/>
    <property name="java.io.tmpdir" value="/tmp"/>
    <property name="java.version" value="20.0.2"/>
    <property name="user.dir" value="/home/runner/work/broadridgeTestAutomation/broadridgeTestAutomation"/>
    <property name="os.arch" value="amd64"/>
    <property name="java.vm.specification.name" value="Java Virtual Machine Specification"/>
    <property name="native.encoding" value="UTF-8"/>
    <property name="java.library.path" value="/usr/java/packages/lib:/usr/lib64:/lib64:/lib:/usr/lib"/>
    <property name="java.vm.info" value="mixed mode, sharing"/>
    <property name="stderr.encoding" value="UTF-8"/>
    <property name="java.vendor" value="Eclipse Adoptium"/>
    <property name="java.vm.version" value="20.0.2+9"/>
    <property name="sun.io.unicode.encoding" value="UnicodeLittle"/>
    <property name="java.class.version" value="64.0"/>
  </properties>
  <testcase name="User fills the contact us form and validates the form on BE" classname="Contact Us form validation" time="32.829">
    <failure message="expected:&lt;https://[]www-dev.broadridge.c...&gt; but was:&lt;https://[broadridgedigital:broadridge1@]www-dev.broadridge.c...&gt;" type="org.junit.ComparisonFailure"><![CDATA[org.junit.ComparisonFailure: expected:<https://[]www-dev.broadridge.c...> but was:<https://[broadridgedigital:broadridge1@]www-dev.broadridge.c...>
	at org.junit.Assert.assertEquals(Assert.java:117)
	at org.junit.Assert.assertEquals(Assert.java:146)
	at com.broadridge.step_defs.contactUsSteps.ContactUsStepDef.userValidatesTheContactUsForm(ContactUsStepDef.java:135)
	at ✽.User validates the contact us form(file:///home/runner/work/broadridgeTestAutomation/broadridgeTestAutomation/src/test/resources/features/contactUs.feature:8)
]]></failure>
    <system-out><![CDATA[Cookies accepted
---------------Navigated to contact us form --------------
firstName = Silva
lastName = Greenfelder
email = rosella.schinner@gmail.com
phone = 1-585-835-3451
jobTitle = Global Real-Estate Developer
companyName = Nitzsche-Rohan
message = fblafczzahdpvcpshhrb5wbieg8shbwzm7nprnvn00ey144dlh
---------------Contact us button clicked --------------
Form Submission Message = Something went wrong with our form submission. Please try again.
formpayload for validation = {"formSubmissionId":"BRU2PU62W-1758024325985","elqFormName":"","elqSiteID":"","datalayerheader":"","contact":"","formgtm":"","elqCustomerGUID":"","elqCookieWrite":"","segment":"","name_first":"Silva","name_last":"Greenfelder","email_work":"rosella.schinner@gmail.com","phone_business":"1-585-835-3451","job_title":"Global Real-Estate Developer","Company":"Nitzsche-Rohan","country":"United States","comment":"fblafczzahdpvcpshhrb5wbieg8shbwzm7nprnvn00ey144dlh","id":"","so":"","di":"","ct":"","ep":"","ot":"","mt":"","yr":"","rg":"","on":"","sub-source":"","campaignMostRecentID":"","content-id":"","orig-channel":"","campaign-name":"","campaignMostRecentName":"","campaignMostRecentSource":"","campaignMostRecentMedium":"","campaignMostRecentContent":"","campaignMostRecentTerm":"","campaignMostRecentContentID":"","campaignMostRecentSubSource":"","Persistent_utm_medium":"","Persistent_utm_source":"","Persistent_utm_term":"","Persistent_utm_campaign":"","Persistent_Sub_Source":"","Persistent_Content_ID":"","Persistent_Campaign_ID":"","Persistent_utm_content":"","Session_utm_medium":"","Session_utm_source":"","Session_utm_term":"","Session_utm_campaign":"","Session_Sub_Source":"","Session_Content_ID":"","Session_Campaign_ID":"701RN00000RbnVLYAZ","Session_utm_content":"","inquiry":"Gen Enq","fullURL":"https://www-dev.broadridge.com/who-we-serve/asset-management","page_id":"","page_campaign_id":"","ecid":"","elqCampaignId":"","Formmodel":"ungated","Pagetype":"","g-recaptcha-response":"0cAFcWeA6gzKN2Pl6A8S4OYQq-WYZ6gJByDhTi9CKkDAi8-sasg6OFT6xKUVUV1XYWGZN-tlxe0q45Eotn01eYyZFsgVtpl1NtNbwwClYDAXZYkydXEymqCNC5-5qOfMQQyyWWLMVmRnG8kMpGEBzYvSTX7wu9fCkDOcCiQ0JZv-vtkbdncpEZAOkGNCQGJqKMl5ouGetyfL4iPk804uEgTdrS9D7QKQ4GJefFWBnNbacycIAxQ_k-Tpufq_yW9ws4DuQLURLRdDXRAXu7AaYM0R2GmVu5QnR4LcACO2BQS44Z8E8a-2qyv_tw77ox6EpGfg116Y2eRv2nnSZdk1vDSJcWJRS2P3Np7S3algRnViIrw1oPchbxV50XcdYxQFjNMpBGLIaM_qGh71Y-SA9SzQZ_B8sHIJnRhrr4vfUGkp8fHUvAYbT35pZ_X20yhhsVeAsw-bm9q71KgVMdHcRVtUwNCicjDm4gkBlkJ4hadCNcANVajx72ku4FkZLx5m6OkI8oeSTXRdoTfTp6RpaIjnYJBb3Pm4MVutklMYUsvfmPbmHXrE24DUH36uKgEo8vwRbfDAMjPftywMQeNzICGjB3-Uq9E8mZMobsEYuaQledemymccFXqv10FA6JDSyK2ph3wm22oJoeQPOcY_F12L_C1Hk-xoNeogbxWkQ2LVODF0r85nYK0G-6UuZMUbvzlfYnObCExjpqpxMy8E3PtxtF9x_QuzSi3HT153WGkAFM6WIrgshWMXf6vzttN2OM-vEamd1Qox0dRXr8EuYJK4V5TdsC4iVvYxtZO4v8Ju0SJLDyzO-wPp-aEJqS_FblVButXh5HuvZHV4cDCaIa_YUkAGWgj1KwAaC7b-Ctus5H3_ONrYcriVwjI5NxY1uFLD3N_wCTYYnRxuU-LwlRvK-nQ25nC67gzeQZqnF7lcVfjT-4u3Dh_ZQnV_1ttfU3vWburMfh-RSAusSpVlgu4h7zErYkeHtqvqlSjbrOfWvXqMv_E89sxi1slfeZG0saYdh5V6lZ58fTar8K_Rd3x8wknSOWppIKcnPjmGP-sNMjY4BlBqqsVkxOFCHSsRd0xT96Rb6kspJzu6J18uAAlc5XGobx89gRixqqrG-_lCURqA6njnPo2z-9pMHPX3kDGZSqCuViT6qrlVFPAdnaFph3cy7WoD-zmo2Z3BPEikXIwcSFx0R4iMGvkK8kiQIMUt5s2twc-POg5m3r1U0W7E_O4HZFNgvQek71O7HrCIWI0E0tO-nET4OKAqxEHMddaV7F4nwosenzM8mPCsYj-PRnf4B6M9ie4Jq7yiLHOVvZ2lcoIvFrW4_kpn_zMUgYbz09y6Ku4yBjhOp3-A6cICMf05L6ps1_TPLS1NCqhFSfU4VdneBkqSkewETHVcB57MZxD3xOqfiU-abiT3lR2lx9qbbIpgvGJU2kbisXOtt3rj3S2COofbQ-eVWiH4wO6P7UjkpwOB-u6ORyApIFWu4gshDMiov2IcmMKQhKyyJe2u7UxR-I24viAFKy3_1pBTLt0CVZI_XdLN8Ie9ziGqFbVAfnkP_pZcc1gLjSKOuCsNkI1kYOL2g"}
formSubmissionId = BRU2PU62W-1758024325985
fullURL = https://www-dev.broadridge.com/who-we-serve/asset-management
formSubmissionId = BRU2PU62W-1758024325985
fullURL = https://www-dev.broadridge.com/who-we-serve/asset-management
]]></system-out>
    <system-err><![CDATA[------------------- START STEP -------------------
SLF4J(W): No SLF4J providers were found.
SLF4J(W): Defaulting to no-operation (NOP) logger implementation
SLF4J(W): See https://www.slf4j.org/codes.html#noProviders for further details.
Sep 16, 2025 12:05:15 PM org.openqa.selenium.devtools.CdpVersionFinder findNearestMatch
WARNING: Unable to find an exact match for CDP version 140, returning the closest version; found: 136; Please update to a Selenium version that supports CDP version 140
------------------- START STEP -------------------
------------------- START STEP -------------------
------------------- END BROWSER -------------------
]]></system-err>
  </testcase>
  <testcase name="User fills the download form and validates the form on BE" classname="Download form validation" time="23.906">
    <failure message="expected:&lt;https://[]www-dev.broadridge.c...&gt; but was:&lt;https://[broadridgedigital:broadridge1@]www-dev.broadridge.c...&gt;" type="org.junit.ComparisonFailure"><![CDATA[org.junit.ComparisonFailure: expected:<https://[]www-dev.broadridge.c...> but was:<https://[broadridgedigital:broadridge1@]www-dev.broadridge.c...>
	at org.junit.Assert.assertEquals(Assert.java:117)
	at org.junit.Assert.assertEquals(Assert.java:146)
	at com.broadridge.step_defs.downloadFormSteps.DownloadFormStepDef.userValidatesTheDownloadForm(DownloadFormStepDef.java:120)
	at ✽.User validates the download form(file:///home/runner/work/broadridgeTestAutomation/broadridgeTestAutomation/src/test/resources/features/downloadForm.feature:8)
]]></failure>
    <system-out><![CDATA[Cookies accepted
---------------Navigated to download form --------------
---------------checkbox is clicked for extra field --------------
---------------waited 2 seconds --------------
phone field = true
---------------phone field is filled --------------
---------------telephone field is filled --------------
---------------Download form button clicked --------------
Form Submission Message = Something went wrong with our form submission. Please try again.
formpayload for validation = {"formSubmissionId":"BR4BOZKB5-1758024349775","elqFormName":"","elqSiteID":"","datalayerheader":"","contact":"","formgtm":"","elqCustomerGUID":"","elqCookieWrite":"","segment":"","name_first":"First_TESTTEST","name_last":"Last_TESTTEST","email_work":"automated_TESTTEST@broadridge.com","Company":"Company_TESTTEST","toggle-additional-fields":"","phone_business":"999-999-9999","job_title":"Job_TESTTEST","country":"United States","comment":"This is an automated test submission.  Please ignore.","id":"","so":"","di":"","ct":"","ep":"","ot":"","mt":"","yr":"","rg":"","on":"","sub-source":"","campaignMostRecentID":"","content-id":"","orig-channel":"","campaign-name":"","campaignMostRecentName":"","campaignMostRecentSource":"","campaignMostRecentMedium":"","campaignMostRecentContent":"","campaignMostRecentTerm":"","campaignMostRecentContentID":"","campaignMostRecentSubSource":"","Persistent_utm_medium":"","Persistent_utm_source":"","Persistent_utm_term":"","Persistent_utm_campaign":"","Persistent_Sub_Source":"","Persistent_Content_ID":"","Persistent_Campaign_ID":"","Persistent_utm_content":"","Session_utm_medium":"","Session_utm_source":"","Session_utm_term":"","Session_utm_campaign":"","Session_Sub_Source":"","Session_Content_ID":"","Session_Campaign_ID":"701RN00000RbnVLYAZ","Session_utm_content":"","inquiry":"Content Download","fullURL":"https://www-dev.broadridge.com/campaign/all-in-the-family-active-etf","page_id":"","page_campaign_id":"","ecid":"","elqCampaignId":"","Formmodel":"gated","Pagetype":""}
formSubmissionId = BR4BOZKB5-1758024349775
fullURL = https://www-dev.broadridge.com/campaign/all-in-the-family-active-etf
formSubmissionId = BR4BOZKB5-1758024349775
fullURL = https://www-dev.broadridge.com/campaign/all-in-the-family-active-etf
]]></system-out>
    <system-err><![CDATA[------------------- START STEP -------------------
Sep 16, 2025 12:05:36 PM org.openqa.selenium.devtools.CdpVersionFinder findNearestMatch
WARNING: Unable to find an exact match for CDP version 140, returning the closest version; found: 136; Please update to a Selenium version that supports CDP version 140
------------------- START STEP -------------------
------------------- START STEP -------------------
------------------- END BROWSER -------------------
]]></system-err>
  </testcase>
</testsuite>